  ▲ Next.js 14.2.28
  - Local:        http://localhost:3000
  - Environments: .env
  - Experiments (use with caution):
    · outputFileTracingRoot

 ✓ Starting...
 ✓ Ready in 1236ms
 ○ Compiling / ...
 ✓ Compiled / in 2.3s (517 modules)
 GET / 200 in 2648ms
 ✓ Compiled in 388ms (253 modules)
 GET / 200 in 41ms
 GET / 200 in 29ms
 GET / 200 in 28ms
 GET / 200 in 36ms
 GET / 200 in 34ms
 GET / 200 in 29ms
 GET / 200 in 32ms
 ○ Compiling /chat ...
 ✓ Compiled /chat in 1899ms (1463 modules)
 GET /chat 200 in 88ms
 ✓ Compiled /api/chat in 296ms (778 modules)
 GET / 200 in 69ms
 POST /api/chat 200 in 23296ms
 GET / 200 in 31ms
 GET / 200 in 38ms
 GET / 200 in 34ms
 GET / 200 in 33ms
 GET / 200 in 31ms
 GET / 200 in 34ms
 ✓ Compiled in 227ms (719 modules)
 ✓ Compiled in 156ms (719 modules)
 ✓ Compiled in 639ms (731 modules)
 ✓ Compiled in 569ms (731 modules)
[?25h
