Attention: Next.js now collects completely anonymous telemetry regarding usage.
This information is used to shape Next.js' roadmap and prioritize features.
You can learn more, including how to opt-out if you'd not like to participate in this anonymous program, by visiting the following URL:
https://nextjs.org/telemetry

  ▲ Next.js 14.2.28
  - Experiments (use with caution):
    · outputFileTracingRoot

   Creating an optimized production build ...
 ✓ Compiled successfully
   Skipping linting
   Checking validity of types ...
   Collecting page data ...
   Generating static pages (0/14) ...
   Generating static pages (3/14) 
   Generating static pages (6/14) 
   Generating static pages (10/14) 
 ✓ Generating static pages (14/14)
   Finalizing page optimization ...
   Collecting build traces ...

Route (app)                              Size     First Load JS
┌ ƒ /                                    175 B          96.2 kB
├ ƒ /_not-found                          873 B          88.2 kB
├ ƒ /api/chat                            0 B                0 B
├ ƒ /api/classes                         0 B                0 B
├ ƒ /api/flashcards                      0 B                0 B
├ ƒ /api/flashcards/generate             0 B                0 B
├ ƒ /api/flashcards/review               0 B                0 B
├ ƒ /api/images/generate                 0 B                0 B
├ ƒ /api/notes                           0 B                0 B
├ ƒ /api/notes/[noteId]                  0 B                0 B
├ ƒ /api/sessions                        0 B                0 B
├ ƒ /api/sessions/[sessionId]            0 B                0 B
├ ƒ /api/students                        0 B                0 B
├ ƒ /chat                                39.4 kB         168 kB
├ ƒ /dashboard                           4.96 kB         134 kB
├ ƒ /flashcards                          5.58 kB         167 kB
├ ƒ /knowledge-graph                     50 kB           187 kB
└ ƒ /notes                               6.2 kB          168 kB
+ First Load JS shared by all            87.3 kB
  ├ chunks/117-6e4a422c2a6cfbf2.js       31.6 kB
  ├ chunks/fd9d1056-566e4a218e6051f1.js  53.6 kB
  └ other shared chunks (total)          2.1 kB


ƒ  (Dynamic)  server-rendered on demand

Successfully built app artifact
