  ▲ Next.js 14.2.28
  - Local:        http://localhost:3000
  - Environments: .env
  - Experiments (use with caution):
    · outputFileTracingRoot

 ✓ Starting...
 ✓ Ready in 1252ms
 ○ Compiling / ...
 ✓ Compiled / in 1972ms (517 modules)
 GET / 200 in 2370ms
 GET / 200 in 2173ms
 GET / 200 in 2274ms
 ✓ Compiled in 390ms (253 modules)
 GET / 200 in 41ms
 GET / 200 in 30ms
 GET / 200 in 31ms
 GET / 200 in 35ms
 GET / 200 in 27ms
 GET / 200 in 37ms
 GET / 200 in 32ms
 GET / 200 in 36ms
 GET / 200 in 31ms
 GET / 200 in 31ms
 GET / 200 in 30ms
 GET / 200 in 31ms
 GET / 200 in 30ms
 GET / 200 in 37ms
 GET / 200 in 36ms
 GET / 200 in 33ms
 GET / 200 in 31ms
 GET / 200 in 30ms
 GET / 200 in 32ms
 GET / 200 in 32ms
 GET / 200 in 31ms
 GET / 200 in 29ms
