  ▲ Next.js 14.2.28
  - Local:        http://localhost:3000
  - Environments: .env
  - Experiments (use with caution):
    · outputFileTracingRoot

 ✓ Starting...
 ✓ Ready in 2s
 ○ Compiling / ...
 ✓ Compiled / in 2.2s (1115 modules)
 ✓ Compiled in 525ms (558 modules)
 GET / 200 in 2817ms
 GET / 200 in 65ms
 GET / 200 in 163ms
 GET / 200 in 56ms
 GET / 200 in 50ms
 GET / 200 in 47ms
 GET / 200 in 43ms
 GET / 200 in 41ms
 GET / 200 in 48ms
 GET / 200 in 41ms
 GET / 200 in 40ms
 GET / 200 in 41ms
 GET / 200 in 43ms
 GET / 200 in 42ms
 GET / 200 in 42ms
 GET / 200 in 40ms
 GET / 200 in 45ms
 GET / 200 in 49ms
 GET / 200 in 110ms
 GET / 200 in 46ms
 GET / 200 in 43ms
 GET / 200 in 41ms
 GET / 200 in 45ms
 GET / 200 in 47ms
 GET / 200 in 39ms
 GET / 200 in 44ms
 GET / 200 in 40ms
 GET / 200 in 43ms
 ✓ Compiled in 253ms (546 modules)
 ✓ Compiled in 140ms (546 modules)
 ✓ Compiled in 495ms (561 modules)
 ✓ Compiled in 583ms (578 modules)
 ✓ Compiled in 429ms (578 modules)
 ✓ Compiled in 292ms (578 modules)
 ✓ Compiled in 259ms (578 modules)
 ✓ Compiled in 318ms (578 modules)
[?25h
