  ▲ Next.js 14.2.28
  - Local:        http://localhost:3000
  - Environments: .env
  - Experiments (use with caution):
    · outputFileTracingRoot

 ✓ Starting...
 ✓ Ready in 1726ms
 ○ Compiling / ...
 ✓ Compiled / in 2.5s (1115 modules)
 GET / 200 in 2747ms
 ✓ Compiled in 542ms (558 modules)
 GET / 200 in 75ms
 ○ Compiling /dashboard ...
 ✓ Compiled /dashboard in 2.9s (2284 modules)
 GET /dashboard 200 in 3590ms
 GET /teach 200 in 3611ms
 GET /chat 200 in 3624ms
 GET /flashcards 200 in 3604ms
 GET /notes 200 in 3603ms
 ○ Compiling /api/flashcards ...
 ✓ Compiled /api/flashcards in 942ms (1182 modules)
 ✓ Compiled (1301 modules)
 GET /api/teach/topics 200 in 1271ms
 GET /api/teach/topics 200 in 40ms
 GET /api/flashcards 200 in 1431ms
 GET /api/notes 200 in 1429ms
 GET /api/sessions 200 in 1817ms
 GET /api/students 200 in 1447ms
 GET /api/flashcards 200 in 47ms
 GET /api/sessions 200 in 66ms
 GET /api/students 200 in 81ms
 GET /api/notes 200 in 80ms
[?25h
