  ▲ Next.js 14.2.28
  - Environments: .env
  - Experiments (use with caution):
    · outputFileTracingRoot

   Creating an optimized production build ...
 ✓ Compiled successfully
   Skipping linting
   Checking validity of types ...
   Collecting page data ...
   Generating static pages (0/11) ...
   Generating static pages (2/11) 
   Generating static pages (5/11) 
   Generating static pages (8/11) 
 ✓ Generating static pages (11/11)
   Finalizing page optimization ...
   Collecting build traces ...

Route (app)                              Size     First Load JS
┌ ƒ /                                    176 B          96.3 kB
├ ƒ /_not-found                          872 B          88.3 kB
├ ƒ /api/chat                            0 B                0 B
├ ƒ /api/flashcards                      0 B                0 B
├ ƒ /api/flashcards/generate             0 B                0 B
├ ƒ /api/flashcards/review               0 B                0 B
├ ƒ /api/notes                           0 B                0 B
├ ƒ /api/notes/[noteId]                  0 B                0 B
├ ƒ /api/sessions                        0 B                0 B
├ ƒ /api/sessions/[sessionId]            0 B                0 B
├ ƒ /chat                                38.4 kB         167 kB
├ ƒ /dashboard                           3.92 kB         133 kB
├ ƒ /flashcards                          5.53 kB         167 kB
└ ƒ /notes                               6.19 kB         167 kB
+ First Load JS shared by all            87.4 kB
  ├ chunks/156-82b8fcc958c6782c.js       31.7 kB
  ├ chunks/ceb5afef-0c3efaba6e0beb1e.js  53.6 kB
  └ other shared chunks (total)          2.1 kB


ƒ  (Dynamic)  server-rendered on demand

exit_code=0
