  ▲ Next.js 14.2.28
  - Local:        http://localhost:3000
  - Environments: .env
  - Experiments (use with caution):
    · outputFileTracingRoot

 ✓ Starting...
 ✓ Ready in 1931ms
 ○ Compiling / ...
 ✓ Compiled / in 2.2s (517 modules)
 GET / 200 in 2523ms
 ✓ Compiled in 343ms (253 modules)
 GET / 200 in 40ms
 GET / 200 in 28ms
 GET / 200 in 35ms
 GET / 200 in 38ms
 GET / 200 in 34ms
 GET / 200 in 32ms
 GET / 200 in 30ms
 GET / 200 in 34ms
 GET / 200 in 35ms
 GET / 200 in 35ms
 GET / 200 in 31ms
 GET / 200 in 34ms
 GET / 200 in 28ms
 GET / 200 in 31ms
 GET / 200 in 29ms
 GET / 200 in 37ms
 GET / 200 in 36ms
 GET / 200 in 29ms
 GET / 200 in 31ms
 GET / 200 in 33ms
 GET / 200 in 30ms
 GET / 200 in 34ms
 GET / 200 in 34ms
 GET / 200 in 37ms
 GET / 200 in 31ms
 GET / 200 in 32ms
 GET / 200 in 29ms
 GET / 200 in 30ms
 GET / 200 in 33ms
 GET / 200 in 32ms
 GET / 200 in 36ms
 GET / 200 in 32ms
