  ▲ Next.js 14.2.28
  - Local:        http://localhost:3000
  - Environments: .env
  - Experiments (use with caution):
    · outputFileTracingRoot

 ✓ Starting...
 ✓ Ready in 2s
 ○ Compiling / ...
 ✓ Compiled / in 2.2s (1154 modules)
 GET / 200 in 2719ms
 ✓ Compiled in 471ms (578 modules)
 GET / 200 in 53ms
 GET / 200 in 47ms
 GET / 200 in 41ms
 GET / 200 in 57ms
 GET / 200 in 47ms
 ○ Compiling /teach ...
 ✓ Compiled /teach in 1134ms (1655 modules)
 ✓ Compiled /api/students in 175ms (866 modules)
 GET /api/students 200 in 358ms
 GET /api/students 200 in 28ms
 ✓ Compiled /api/teach/topics in 157ms (869 modules)
 GET /api/teach/topics 200 in 206ms
 GET /api/teach/topics 200 in 27ms
 GET / 200 in 100ms
 GET / 200 in 51ms
 ○ Compiling /chat ...
 ✓ Compiled /chat in 1422ms (1802 modules)
 GET / 200 in 96ms
 ✓ Compiled /dashboard in 462ms (1780 modules)
 ✓ Compiled /api/sessions in 245ms (808 modules)
 GET /api/sessions 200 in 358ms
 GET /api/sessions 200 in 29ms
 ✓ Compiled /flashcards in 495ms (1909 modules)
 ✓ Compiled /api/flashcards in 287ms (899 modules)
 GET /api/flashcards 200 in 349ms
 GET /api/flashcards 200 in 24ms
 GET /api/sessions 200 in 31ms
 GET /api/sessions 200 in 28ms
 ○ Compiling /notes ...
 ✓ Compiled /notes in 742ms (2135 modules)
 ○ Compiling /api/notes ...
 ✓ Compiled /api/notes in 528ms (1122 modules)
 GET /api/notes 200 in 606ms
 GET /api/notes 200 in 76ms
 GET / 200 in 120ms
 GET / 200 in 52ms
 GET / 200 in 53ms
 GET / 200 in 53ms
 GET / 200 in 55ms
 GET / 200 in 47ms
 GET / 200 in 47ms
 GET / 200 in 56ms
 GET / 200 in 68ms
 GET / 200 in 43ms
 GET / 200 in 49ms
 GET / 200 in 41ms
 GET / 200 in 44ms
 GET / 200 in 46ms
 GET / 200 in 50ms
 GET / 200 in 50ms
 GET / 200 in 47ms
 GET / 200 in 45ms
 GET / 200 in 45ms
 GET / 200 in 42ms
 GET / 200 in 48ms
 GET / 200 in 73ms
 GET / 200 in 45ms
 GET / 200 in 46ms
 GET / 200 in 51ms
 GET / 200 in 51ms
 GET / 200 in 47ms
