Attention: Next.js now collects completely anonymous telemetry regarding usage.
This information is used to shape Next.js' roadmap and prioritize features.
You can learn more, including how to opt-out if you'd not like to participate in this anonymous program, by visiting the following URL:
https://nextjs.org/telemetry

  ▲ Next.js 14.2.28
  - Environments: .env
  - Experiments (use with caution):
    · outputFileTracingRoot

   Creating an optimized production build ...
 ✓ Compiled successfully
   Skipping linting
   Checking validity of types ...

   We detected TypeScript in your project and reconfigured your tsconfig.json file for you. Strict-mode is set to false by default.
   The following suggested values were added to your tsconfig.json. These values can be changed to fit your project's needs:

   	- include was updated to add '.build/types/**/*.ts'

   Collecting page data ...
   Generating static pages (0/6) ...
   Generating static pages (1/6) 
   Generating static pages (2/6) 
   Generating static pages (4/6) 
 ✓ Generating static pages (6/6)
   Finalizing page optimization ...
   Collecting build traces ...

Route (app)                              Size     First Load JS
┌ ƒ /                                    176 B          96.1 kB
├ ƒ /_not-found                          872 B          88.1 kB
├ ƒ /api/chat                            0 B                0 B
├ ƒ /api/sessions                        0 B                0 B
├ ƒ /api/sessions/[sessionId]            0 B                0 B
├ ƒ /chat                                38.3 kB         167 kB
└ ƒ /dashboard                           3.33 kB         132 kB
+ First Load JS shared by all            87.2 kB
  ├ chunks/156-e82714235943601c.js       31.7 kB
  ├ chunks/ceb5afef-31e8a873770259b9.js  53.6 kB
  └ other shared chunks (total)          1.9 kB


ƒ  (Dynamic)  server-rendered on demand

exit_code=0
