  ▲ Next.js 14.2.28
  - Local:        http://localhost:3000
  - Environments: .env
  - Experiments (use with caution):
    · outputFileTracingRoot

 ✓ Starting...
 ✓ Ready in 1663ms
 ○ Compiling / ...
 ✓ Compiled / in 2.3s (1154 modules)
 GET / 200 in 2532ms
 ✓ Compiled in 510ms (578 modules)
 GET / 200 in 63ms
 ○ Compiling /notes ...
 ✓ Compiled /notes in 2.5s (2276 modules)
 GET /chat 200 in 3118ms
 GET /dashboard 200 in 3121ms
 GET /flashcards 200 in 3121ms
 GET /teach 200 in 3124ms
 GET /notes 200 in 3121ms
 ✓ Compiled /api/students in 390ms (1184 modules)
 ✓ Compiled (1303 modules)
 GET /api/teach/topics 200 in 910ms
 GET /api/teach/topics 200 in 25ms
 GET /api/flashcards 200 in 1038ms
 GET /api/students 200 in 1030ms
 GET /api/sessions 200 in 1165ms
 GET /api/notes 200 in 1136ms
 GET /api/flashcards 200 in 45ms
 GET /api/sessions 200 in 61ms
 GET /api/notes 200 in 66ms
 GET /api/students 200 in 56ms
[?25h
