  ▲ Next.js 14.2.28
  - Local:        http://localhost:3000
  - Environments: .env
  - Experiments (use with caution):
    · outputFileTracingRoot

 ✓ Starting...
 ✓ Ready in 1906ms
 ○ Compiling / ...
 ✓ Compiled / in 2.3s (517 modules)
 GET / 200 in 2764ms
 ✓ Compiled in 444ms (253 modules)
 GET / 200 in 42ms
 GET / 200 in 34ms
 GET / 200 in 42ms
 GET / 200 in 40ms
 GET / 200 in 68ms
 GET / 200 in 34ms
 GET / 200 in 47ms
 GET / 200 in 37ms
 GET / 200 in 35ms
 GET / 200 in 36ms
 GET / 200 in 32ms
 GET / 200 in 30ms
 GET / 200 in 41ms
 GET / 200 in 32ms
 GET / 200 in 30ms
 ○ Compiling /chat ...
 ✓ Compiled /chat in 1627ms (1463 modules)
 GET /chat 200 in 106ms
 GET / 200 in 41ms
 ✓ Compiled /api/chat in 266ms (778 modules)
 POST /api/chat 200 in 12989ms
 GET / 200 in 65ms
 ✓ Compiled /dashboard in 440ms (1517 modules)
 ✓ Compiled /api/sessions in 181ms (791 modules)
 GET /api/sessions 200 in 227ms
 GET /api/sessions 200 in 22ms
 GET / 200 in 48ms
 GET / 200 in 38ms
 ✓ Compiled in 440ms (740 modules)
 ✓ Compiled in 409ms (740 modules)
 ✓ Compiled in 302ms (740 modules)
 ✓ Compiled in 310ms (740 modules)
 ✓ Compiled in 318ms (740 modules)
 ✓ Compiled in 448ms (741 modules)
 ✓ Compiled in 259ms (741 modules)
 ✓ Compiled in 281ms (741 modules)
 ✓ Compiled in 425ms (741 modules)
[?25h
